<?xml version="1.0" encoding="UTF-8"?>
<!-- Generated by org.testng.reporters.JUnitReportReporter -->
<testsuite skipped="0" hostname="HP-PC" name="scripts.ValidTestLogin" tests="1" failures="0" timestamp="30 Mar 2018 06:21:19 GMT" time="82.215" errors="0">
  <testcase name="testValidLogin" time="82.215" classname="scripts.ValidTestLogin"/>
</testsuite> <!-- scripts.ValidTestLogin -->
