<?xml version="1.0" encoding="UTF-8"?>
<!-- Generated by org.testng.reporters.JUnitReportReporter -->
<testsuite skipped="0" hostname="HP-PC" name="scripts.InvalidTestLogin" tests="1" failures="0" timestamp="30 Mar 2018 19:34:51 GMT" time="137.187" errors="0">
  <testcase name="testInvalidLogin" time="137.187" classname="scripts.InvalidTestLogin"/>
</testsuite> <!-- scripts.InvalidTestLogin -->
