<?xml version="1.0" encoding="UTF-8"?>
<!-- Generated by org.testng.reporters.JUnitReportReporter -->
<testsuite skipped="0" hostname="HP-PC" name="scripts.ValidTestLogin" tests="1" failures="0" timestamp="30 Mar 2018 19:34:51 GMT" time="39.934" errors="0">
  <testcase name="testValidLogin" time="39.934" classname="scripts.ValidTestLogin"/>
</testsuite> <!-- scripts.ValidTestLogin -->
