<?xml version="1.0" encoding="UTF-8"?>
<!-- Generated by org.testng.reporters.JUnitReportReporter -->
<testsuite skipped="0" hostname="HP-PC" name="scripts.VerifyActiTimeVersion" tests="1" failures="0" timestamp="30 Mar 2018 19:34:51 GMT" time="76.816" errors="0">
  <testcase name="ActitimeVersion" time="76.816" classname="scripts.VerifyActiTimeVersion"/>
</testsuite> <!-- scripts.VerifyActiTimeVersion -->
